<?xml version="1.0" encoding="UTF-8"?>
<!-- Generated by org.testng.reporters.JUnitReportReporter -->
<testsuite hostname="Maqdoom-PC" name="com.example.test.TC001_GetSecondHighPrice" tests="1" failures="0" timestamp="23 Sep 2019 12:08:01 GMT" time="28.569" errors="0">
  <testcase name="test" time="28.569" classname="com.example.test.TC001_GetSecondHighPrice"/>
</testsuite> <!-- com.example.test.TC001_GetSecondHighPrice -->
